Traceback (most recent call last):
  File "/var/scratch/tnguyen2/miniconda3/envs/xformers/lib/python3.8/runpy.py", line 194, in _run_module_as_main
    return _run_code(code, main_globals, None,
  File "/var/scratch/tnguyen2/miniconda3/envs/xformers/lib/python3.8/runpy.py", line 87, in _run_code
    exec(code, run_globals)
  File "/var/scratch/tnguyen2/jingfen/lsr_eval/lsr/train.py", line 65, in <module>
    train()
  File "/var/scratch/tnguyen2/miniconda3/envs/xformers/lib/python3.8/site-packages/hydra/main.py", line 94, in decorated_main
    _run_hydra(
  File "/var/scratch/tnguyen2/miniconda3/envs/xformers/lib/python3.8/site-packages/hydra/_internal/utils.py", line 394, in _run_hydra
    _run_app(
  File "/var/scratch/tnguyen2/miniconda3/envs/xformers/lib/python3.8/site-packages/hydra/_internal/utils.py", line 457, in _run_app
    run_and_report(
  File "/var/scratch/tnguyen2/miniconda3/envs/xformers/lib/python3.8/site-packages/hydra/_internal/utils.py", line 223, in run_and_report
    raise ex
  File "/var/scratch/tnguyen2/miniconda3/envs/xformers/lib/python3.8/site-packages/hydra/_internal/utils.py", line 220, in run_and_report
    return func()
  File "/var/scratch/tnguyen2/miniconda3/envs/xformers/lib/python3.8/site-packages/hydra/_internal/utils.py", line 458, in <lambda>
    lambda: hydra.run(
  File "/var/scratch/tnguyen2/miniconda3/envs/xformers/lib/python3.8/site-packages/hydra/_internal/hydra.py", line 105, in run
    cfg = self.compose_config(
  File "/var/scratch/tnguyen2/miniconda3/envs/xformers/lib/python3.8/site-packages/hydra/_internal/hydra.py", line 594, in compose_config
    cfg = self.config_loader.load_configuration(
  File "/var/scratch/tnguyen2/miniconda3/envs/xformers/lib/python3.8/site-packages/hydra/_internal/config_loader_impl.py", line 142, in load_configuration
    return self._load_configuration_impl(
  File "/var/scratch/tnguyen2/miniconda3/envs/xformers/lib/python3.8/site-packages/hydra/_internal/config_loader_impl.py", line 253, in _load_configuration_impl
    defaults_list = create_defaults_list(
  File "/var/scratch/tnguyen2/miniconda3/envs/xformers/lib/python3.8/site-packages/hydra/_internal/defaults_list.py", line 745, in create_defaults_list
    defaults, tree = _create_defaults_list(
  File "/var/scratch/tnguyen2/miniconda3/envs/xformers/lib/python3.8/site-packages/hydra/_internal/defaults_list.py", line 715, in _create_defaults_list
    defaults_tree = _create_defaults_tree(
  File "/var/scratch/tnguyen2/miniconda3/envs/xformers/lib/python3.8/site-packages/hydra/_internal/defaults_list.py", line 356, in _create_defaults_tree
    ret = _create_defaults_tree_impl(
  File "/var/scratch/tnguyen2/miniconda3/envs/xformers/lib/python3.8/site-packages/hydra/_internal/defaults_list.py", line 457, in _create_defaults_tree_impl
    return _expand_virtual_root(repo, root, overrides, skip_missing)
  File "/var/scratch/tnguyen2/miniconda3/envs/xformers/lib/python3.8/site-packages/hydra/_internal/defaults_list.py", line 280, in _expand_virtual_root
    subtree = _create_defaults_tree_impl(
  File "/var/scratch/tnguyen2/miniconda3/envs/xformers/lib/python3.8/site-packages/hydra/_internal/defaults_list.py", line 573, in _create_defaults_tree_impl
    add_child(children, new_root)
  File "/var/scratch/tnguyen2/miniconda3/envs/xformers/lib/python3.8/site-packages/hydra/_internal/defaults_list.py", line 520, in add_child
    subtree_ = _create_defaults_tree_impl(
  File "/var/scratch/tnguyen2/miniconda3/envs/xformers/lib/python3.8/site-packages/hydra/_internal/defaults_list.py", line 488, in _create_defaults_tree_impl
    config_not_found_error(repo=repo, tree=root)
  File "/var/scratch/tnguyen2/miniconda3/envs/xformers/lib/python3.8/site-packages/hydra/_internal/defaults_list.py", line 799, in config_not_found_error
    raise MissingConfigException(
hydra.errors.MissingConfigException: In 'config': Could not find 'experiment/splade_asm_msmarco_distil_flops_0.0_0.5'

Available options in 'experiment':
	mlm_decoder_only_opt27_0.001
	mlm_decoder_only_opt3.5_0.1
	mlm_decoder_only_t5_base_0.01
	mlm_encoder_decoder_multi_t5_base_0.01
	mlm_encoder_decoder_single_t5_base_0.01
	mlm_encoder_only_t5_base_0.01
	mlp_decoder_only_opt3.5
	mlp_decoder_only_t5_base
	mlp_encoder_decoder_multi_t5_base
	mlp_encoder_decoder_single_t5_base
	mlp_encoder_only_t5_base
	qbin_dmlm_encoder_decoder_multi_t5_base_0.0_0.08
	qmlm_dmlp_encoder_decoder_multi_t5_base_0.1_0.0
	qmlp_dmlm_encoder_decoder_multi_t5_base_0.0_0.08
Config search path:
	provider=hydra, path=pkg://hydra.conf
	provider=main, path=file:///var/scratch/tnguyen2/jingfen/lsr_eval/lsr/configs
	provider=schema, path=structured://
